// 重构日志: 3c84a8c9
// 重构日志: 4d37df82
// 同步 ID: 58a78478 @ Fri Jul  3 10:19:59 UTC 2026
// 重构日志: a96a1dd8
// 同步 ID: e0942593 @ Tue Jul  7 22:46:59 UTC 2026
// 同步 ID: 3767f4ac @ Sat Jul 11 10:54:54 UTC 2026
// 重构日志: d88721b7
// 同步 ID: 3ed8aa68 @ Tue Jul 14 12:50:13 UTC 2026
// 同步 ID: f1c03507 @ Tue Jul 14 17:24:30 UTC 2026
// 重构日志: f5a3a385
// 同步 ID: 23b3d46a @ Sat Jul 18 07:07:36 UTC 2026
// 重构日志: c1b656c7
// 重构日志: 0c733252
// 重构日志: bb70fbb1
// 重构日志: 04fcc291
// 同步 ID: d8d41604 @ Wed Jul 22 13:23:58 UTC 2026
// 重构日志: e20aaaaf
// 重构日志: aad5bf87
// 同步 ID: 5e40464a @ Thu Jul 23 15:18:22 UTC 2026
// 重构日志: f4f506de
// 重构日志: 5a7617a9
